D:\libsca\build\win32\VS10\Release\cl.command.1.tlog
D:\libsca\build\win32\VS10\Release\CL.read.1.tlog
D:\libsca\build\win32\VS10\Release\CL.write.1.tlog
D:\libsca\build\win32\VS10\Release\link.command.1.tlog
D:\libsca\build\win32\VS10\Release\link.read.1.tlog
D:\libsca\build\win32\VS10\Release\link.write.1.tlog
D:\libsca\build\win32\VS10\Release\mt.command.1.tlog
D:\libsca\build\win32\VS10\Release\mt.read.1.tlog
D:\libsca\build\win32\VS10\Release\mt.write.1.tlog
D:\LIBSCA\BUILD\WIN32\VS10\RELEASE\SCAANGLE.OBJ
D:\LIBSCA\BUILD\WIN32\VS10\RELEASE\SCACOORDINATES.OBJ
D:\LIBSCA\BUILD\WIN32\VS10\RELEASE\SCAEARTH.OBJ
D:\LIBSCA\BUILD\WIN32\VS10\RELEASE\SCAJULIANDAY.OBJ
D:\LIBSCA\BUILD\WIN32\VS10\RELEASE\SCALIB.DLL
D:\LIBSCA\BUILD\WIN32\VS10\RELEASE\SCALIB.DLL.INTERMEDIATE.MANIFEST
D:\libsca\build\win32\VS10\Release\scalib.exp
D:\libsca\build\win32\VS10\Release\scalib.lib
D:\LIBSCA\BUILD\WIN32\VS10\RELEASE\SCALIB.PDB
D:\libsca\build\win32\VS10\Release\scalib.write.1.tlog
D:\LIBSCA\BUILD\WIN32\VS10\RELEASE\SCAMISC.OBJ
D:\LIBSCA\BUILD\WIN32\VS10\RELEASE\SCAMOON.OBJ
D:\LIBSCA\BUILD\WIN32\VS10\RELEASE\SCAPLANETDATA.OBJ
D:\LIBSCA\BUILD\WIN32\VS10\RELEASE\SCASTAR.OBJ
D:\LIBSCA\BUILD\WIN32\VS10\RELEASE\SCASUN.OBJ
D:\LIBSCA\BUILD\WIN32\VS10\RELEASE\VC100.PDB
