D:\libsca\build\win32\VS10\Debug\cl.command.1.tlog
D:\libsca\build\win32\VS10\Debug\CL.read.1.tlog
D:\libsca\build\win32\VS10\Debug\CL.write.1.tlog
D:\libsca\build\win32\VS10\Debug\link.command.1.tlog
D:\libsca\build\win32\VS10\Debug\link.read.1.tlog
D:\libsca\build\win32\VS10\Debug\link.write.1.tlog
D:\libsca\build\win32\VS10\Debug\link-cvtres.read.1.tlog
D:\libsca\build\win32\VS10\Debug\link-cvtres.write.1.tlog
D:\libsca\build\win32\VS10\Debug\rc.command.1.tlog
D:\libsca\build\win32\VS10\Debug\rc.read.1.tlog
D:\libsca\build\win32\VS10\Debug\rc.write.1.tlog
D:\LIBSCA\BUILD\WIN32\VS10\DEBUG\SCAANGLE.OBJ
D:\LIBSCA\BUILD\WIN32\VS10\DEBUG\SCACOORDINATES.OBJ
D:\LIBSCA\BUILD\WIN32\VS10\DEBUG\SCAEARTH.OBJ
D:\LIBSCA\BUILD\WIN32\VS10\DEBUG\SCAJULIANDAY.OBJ
D:\libsca\build\win32\VS10\Debug\scalib.dll.embed.manifest
D:\LIBSCA\BUILD\WIN32\VS10\DEBUG\SCALIB.DLL.EMBED.MANIFEST.RES
D:\libsca\build\win32\VS10\Debug\scalib.exp
D:\libsca\build\win32\VS10\Debug\scalib.pdb
D:\libsca\build\win32\VS10\Debug\scalib_manifest.rc
D:\LIBSCA\BUILD\WIN32\VS10\DEBUG\SCAMISC.OBJ
D:\LIBSCA\BUILD\WIN32\VS10\DEBUG\SCAMOON.OBJ
D:\LIBSCA\BUILD\WIN32\VS10\DEBUG\SCAPLANETDATA.OBJ
D:\LIBSCA\BUILD\WIN32\VS10\DEBUG\SCASTAR.OBJ
D:\LIBSCA\BUILD\WIN32\VS10\DEBUG\SCASUN.OBJ
D:\libsca\build\win32\VS10\Debug\vc100.idb
D:\LIBSCA\BUILD\WIN32\VS10\DEBUG\VC100.PDB
