Build started 29.04.2011 13:45:15.
     1>Project "D:\libsca\build\win32\VS10\scalib.vcxproj" on node 2 (build target(s)).
     1>InitializeBuildStatus:
         Creating "Debug\scalib.unsuccessfulbuild" because "AlwaysCreate" was specified.
       ClCompile:
         C:\Program Files\Microsoft Visual Studio 10.0\VC\bin\CL.exe /c /I../config /I../../../src /ZI /nologo /W3 /WX- /Od /Oy- /D WIN32 /D _DEBUG /D _WINDOWS /D _USRDLL /D SCALIB_EXPORTS /D SCALIB_COMPILATION /D _WINDLL /D _UNICODE /D UNICODE /Gm /EHsc /RTC1 /MDd /GS /fp:precise /Zc:wchar_t /Zc:forScope /Fo"Debug\\" /Fd"Debug\vc100.pdb" /Gd /TC /analyze- /errorReport:prompt ..\..\..\src\scaearth.c
         scaearth.c
       ManifestResourceCompile:
         All outputs are up-to-date.
       Link:
         C:\Program Files\Microsoft Visual Studio 10.0\VC\bin\link.exe /ERRORREPORT:PROMPT /OUT:"D:\libsca\build\win32\VS10\Debug\scalib.dll" /INCREMENTAL /NOLOGO kernel32.lib user32.lib gdi32.lib winspool.lib comdlg32.lib advapi32.lib shell32.lib ole32.lib oleaut32.lib uuid.lib odbc32.lib odbccp32.lib /DEF:"../def/scalib.def" /MANIFEST /ManifestFile:"Debug\scalib.dll.intermediate.manifest" /MANIFESTUAC:"level='asInvoker' uiAccess='false'" /DEBUG /PDB:"D:\libsca\build\win32\VS10\Debug\scalib.pdb" /SUBSYSTEM:WINDOWS /TLBID:1 /DYNAMICBASE /NXCOMPAT /IMPLIB:"D:\libsca\build\win32\VS10\Debug\scalib.lib" /MACHINE:X86 /DLL Debug\scalib.dll.embed.manifest.res
         Debug\scaangle.obj
         Debug\scacoordinates.obj
         Debug\scaearth.obj
         Debug\scajulianday.obj
         Debug\scamisc.obj
         Debug\scamoon.obj
         Debug\scaplanetdata.obj
         Debug\scastar.obj
         Debug\scasun.obj
       Manifest:
         C:\Program Files\Microsoft SDKs\Windows\v7.0A\bin\mt.exe /nologo /verbose /out:"Debug\scalib.dll.embed.manifest" /manifest Debug\scalib.dll.intermediate.manifest
         All outputs are up-to-date.
       LinkEmbedManifest:
         All outputs are up-to-date.
         scalib.vcxproj -> D:\libsca\build\win32\VS10\Debug\scalib.dll
       FinalizeBuildStatus:
         Deleting file "Debug\scalib.unsuccessfulbuild".
         Touching "Debug\scalib.lastbuildstate".
     1>Done Building Project "D:\libsca\build\win32\VS10\scalib.vcxproj" (build target(s)).

Build succeeded.

Time Elapsed 00:00:00.87
